<?xml version="1.0" encoding="UTF-8"?>
<testng-results ignored="0" total="1" passed="1" failed="0" skipped="0">
  <reporter-output>
  </reporter-output>
  <suite started-at="2026-02-03T08:37:51 IST" name="Default suite" finished-at="2026-02-03T08:38:15 IST" duration-ms="24500">
    <groups>
    </groups>
    <test started-at="2026-02-03T08:37:51 IST" name="Default test" finished-at="2026-02-03T08:38:15 IST" duration-ms="24500">
      <class name="tests.LoginTest">
        <test-method is-config="true" signature="beforeClass()[pri:0, instance:tests.LoginTest@4218500f]" started-at="2026-02-03T08:37:51 IST" name="beforeClass" finished-at="2026-02-03T08:38:02 IST" duration-ms="10785" status="PASS">
          <reporter-output>
          </reporter-output>
        </test-method> <!-- beforeClass -->
        <test-method is-config="true" signature="beforeMethod(java.lang.reflect.Method)[pri:0, instance:tests.LoginTest@4218500f]" started-at="2026-02-03T08:38:02 IST" name="beforeMethod" finished-at="2026-02-03T08:38:03 IST" duration-ms="214" status="PASS">
          <params>
            <param index="0">
              <value>
                <![CDATA[public void tests.LoginTest.validLoginAndCheckoutTest(java.lang.String,java.lang.String)]]>
              </value>
            </param>
          </params>
          <reporter-output>
          </reporter-output>
        </test-method> <!-- beforeMethod -->
        <test-method signature="validLoginAndCheckoutTest(java.lang.String,java.lang.String)[pri:0, instance:tests.LoginTest@4218500f]" started-at="2026-02-03T08:38:03 IST" name="validLoginAndCheckoutTest" data-provider="loginData" finished-at="2026-02-03T08:38:15 IST" duration-ms="12141" status="PASS">
          <params>
            <param index="0">
              <value>
                <![CDATA[admin]]>
              </value>
            </param>
            <param index="1">
              <value>
                <![CDATA[admin123]]>
              </value>
            </param>
          </params>
          <reporter-output>
          </reporter-output>
        </test-method> <!-- validLoginAndCheckoutTest -->
        <test-method is-config="true" signature="afterMethod(org.testng.ITestResult)[pri:0, instance:tests.LoginTest@4218500f]" started-at="2026-02-03T08:38:15 IST" name="afterMethod" finished-at="2026-02-03T08:38:15 IST" duration-ms="43" status="PASS">
          <params>
            <param index="0">
              <value>
                <![CDATA[[TestResult name=validLoginAndCheckoutTest status=SUCCESS method=LoginTest.validLoginAndCheckoutTest(java.lang.String,java.lang.String)[pri:0, instance:tests.LoginTest@4218500f] output={null}]]]>
              </value>
            </param>
          </params>
          <reporter-output>
          </reporter-output>
        </test-method> <!-- afterMethod -->
        <test-method is-config="true" signature="afterClass()[pri:0, instance:tests.LoginTest@4218500f]" started-at="2026-02-03T08:38:15 IST" name="afterClass" finished-at="2026-02-03T08:38:15 IST" duration-ms="597" status="PASS">
          <reporter-output>
          </reporter-output>
        </test-method> <!-- afterClass -->
      </class> <!-- tests.LoginTest -->
    </test> <!-- Default test -->
  </suite> <!-- Default suite -->
</testng-results>
